<?xml version="1.0" encoding="UTF-8"?>
<!-- Generated by org.testng.reporters.JUnitReportReporter -->
<testsuite skipped="0" hostname="Manish-PC" name="tests.ImtHomePageTest" tests="1" failures="0" timestamp="16 May 2019 14:34:51 GMT" time="59.998" errors="1">
  <testcase name="testImtHomePage" time="59.998" classname="tests.ImtHomePageTest">
    <error type="java.lang.RuntimeException" message="com.galenframework.support.LayoutValidationException: C:\Users\Manish\Desktop\M3bi\UI/src/test/java/resources/specFiles/imtHomePage.spec, tags: [desktop]
  - &quot;INSURE&quot; is absent on page (C:\Users\Manish\Desktop\M3bi\UI/src/test/java/resources/specFiles/imtHomePage.spec:35)
  - &quot;CONDITIONS&quot; is absent on page (C:\Users\Manish\Desktop\M3bi\UI/src/test/java/resources/specFiles/imtHomePage.spec:38)
  - &quot;FAQS&quot; is absent on page (C:\Users\Manish\Desktop\M3bi\UI/src/test/java/resources/specFiles/imtHomePage.spec:41)
  - &quot;SIGNIN&quot; is absent on page (C:\Users\Manish\Desktop\M3bi\UI/src/test/java/resources/specFiles/imtHomePage.spec:44)
  - &quot;Car_Image&quot; height is 232px instead of 272px (C:\Users\Manish\Desktop\M3bi\UI/src/test/java/resources/specFiles/imtHomePage.spec:48)
  - &quot;Car_Image&quot; width is 556px instead of 1011px (C:\Users\Manish\Desktop\M3bi\UI/src/test/java/resources/specFiles/imtHomePage.spec:49)
  - Cannot find locator for &quot;WelcomeText_EntireBox&quot; in page spec (C:\Users\Manish\Desktop\M3bi\UI/src/test/java/resources/specFiles/imtHomePage.spec:50)
  - &quot;OutsideWelcomeText_EntireBox&quot; is absent on page (C:\Users\Manish\Desktop\M3bi\UI/src/test/java/resources/specFiles/imtHomePage.spec:53)
  - &quot;OutsideWelcomeText_EntireBox&quot; is absent on page (C:\Users\Manish\Desktop\M3bi\UI/src/test/java/resources/specFiles/imtHomePage.spec:54)
  - &quot;OutsideWelcomeText_EntireBox&quot; is absent on page (C:\Users\Manish\Desktop\M3bi\UI/src/test/java/resources/specFiles/imtHomePage.spec:55)
  - &quot;OutsideWelcomeText_EntireBox&quot; is absent on page (C:\Users\Manish\Desktop\M3bi\UI/src/test/java/resources/specFiles/imtHomePage.spec:56)
  - &quot;OutsideWelcomeText_EntireBox&quot; is absent on page (C:\Users\Manish\Desktop\M3bi\UI/src/test/java/resources/specFiles/imtHomePage.spec:57)
  - &quot;OutsideWelcomeText_EntireBox&quot; is absent on page (C:\Users\Manish\Desktop\M3bi\UI/src/test/java/resources/specFiles/imtHomePage.spec:58)
  - &quot;OutsideWelcomeText_EntireBox&quot; is absent on page (C:\Users\Manish\Desktop\M3bi\UI/src/test/java/resources/specFiles/imtHomePage.spec:59)
  - &quot;OutsideWelcomeText_EntireBox&quot; is absent on page (C:\Users\Manish\Desktop\M3bi\UI/src/test/java/resources/specFiles/imtHomePage.spec:60)
  - &quot;OutsideWelcomeText_EntireBox&quot; is absent on page (C:\Users\Manish\Desktop\M3bi\UI/src/test/java/resources/specFiles/imtHomePage.spec:61)
  - &quot;Plate_Number&quot; height is 68.0px instead of 67.5px (C:\Users\Manish\Desktop\M3bi\UI/src/test/java/resources/specFiles/imtHomePage.spec:65)
  - &quot;Plate_Number&quot; width is 225.0px instead of 448.5px (C:\Users\Manish\Desktop\M3bi\UI/src/test/java/resources/specFiles/imtHomePage.spec:66)
  - &quot;Plate_Number&quot; css property &quot;background-color&quot; is &quot;rgba(255, 255, 255, 1)&quot; but should be &quot;#FFFFFF&quot; (C:\Users\Manish\Desktop\M3bi\UI/src/test/java/resources/specFiles/imtHomePage.spec:67)
  - Cannot find locator for &quot;flag&quot; in page spec (C:\Users\Manish\Desktop\M3bi\UI/src/test/java/resources/specFiles/imtHomePage.spec:68)
  - &quot;Flag&quot; height is 68px instead of 67px (C:\Users\Manish\Desktop\M3bi\UI/src/test/java/resources/specFiles/imtHomePage.spec:71)
  - &quot;Flag&quot; width is 49px instead of 48px (C:\Users\Manish\Desktop\M3bi\UI/src/test/java/resources/specFiles/imtHomePage.spec:72)
  - &quot;Continue_button&quot; height is 16px instead of 50px (C:\Users\Manish\Desktop\M3bi\UI/src/test/java/resources/specFiles/imtHomePage.spec:75)
  - &quot;Continue_button&quot; width is 63px instead of 217px (C:\Users\Manish\Desktop\M3bi\UI/src/test/java/resources/specFiles/imtHomePage.spec:76)
  - &quot;Continue_button&quot; css property &quot;background-color&quot; is &quot;rgba(0, 0, 0, 0)&quot; but should be &quot;#CC0000&quot; (C:\Users\Manish\Desktop\M3bi\UI/src/test/java/resources/specFiles/imtHomePage.spec:77)
  - &quot;Continue_button_Text&quot; is not aligned vertically centered with &quot;Continue_button&quot;. Offset is 1px (C:\Users\Manish\Desktop\M3bi\UI/src/test/java/resources/specFiles/imtHomePage.spec:78)
  - &quot;Continue_button_Text&quot; height is 40px instead of 12px (C:\Users\Manish\Desktop\M3bi\UI/src/test/java/resources/specFiles/imtHomePage.spec:81)
  - &quot;Continue_button_Text&quot; width is 200.00px instead of 121.52px (C:\Users\Manish\Desktop\M3bi\UI/src/test/java/resources/specFiles/imtHomePage.spec:82)
  - &quot;Continue_button_Text&quot; css property &quot;color&quot; is &quot;rgba(255, 255, 255, 1)&quot; but should be &quot;#FFFFFF&quot; (C:\Users\Manish\Desktop\M3bi\UI/src/test/java/resources/specFiles/imtHomePage.spec:83)
  - &quot;Continue_button_Text&quot; css property &quot;font-family&quot; is &quot;&quot;Gotham A&quot;, &quot;Gotham B&quot;&quot; but should contain &quot;Gotham Medium&quot; (C:\Users\Manish\Desktop\M3bi\UI/src/test/java/resources/specFiles/imtHomePage.spec:84)
  - &quot;Continue_button_Text&quot; css property &quot;line-height&quot; is &quot;20px&quot; but should be &quot;13px&quot; (C:\Users\Manish\Desktop\M3bi\UI/src/test/java/resources/specFiles/imtHomePage.spec:86)
  - &quot;Continue_button_Text&quot; css property &quot;text-align&quot; is &quot;center&quot; but should be &quot;centered&quot; (C:\Users\Manish\Desktop\M3bi\UI/src/test/java/resources/specFiles/imtHomePage.spec:87)
  - &quot;Plate_Number&quot; is not aligned vertically centered with &quot;Continue_button_Text&quot;. Offset is 62px (C:\Users\Manish\Desktop\M3bi\UI/src/test/java/resources/specFiles/imtHomePage.spec:88)
  - &quot;2018_MARSH_LLC_ALL_RIGHTS_RESERVED&quot; is absent on page (C:\Users\Manish\Desktop\M3bi\UI/src/test/java/resources/specFiles/imtHomePage.spec:92)
  - &quot;2018_MARSH_LLC_ALL_RIGHTS_RESERVED&quot; is absent on page (C:\Users\Manish\Desktop\M3bi\UI/src/test/java/resources/specFiles/imtHomePage.spec:93)
  - &quot;2018_MARSH_LLC_ALL_RIGHTS_RESERVED&quot; is absent on page (C:\Users\Manish\Desktop\M3bi\UI/src/test/java/resources/specFiles/imtHomePage.spec:94)
  - &quot;2018_MARSH_LLC_ALL_RIGHTS_RESERVED&quot; is absent on page (C:\Users\Manish\Desktop\M3bi\UI/src/test/java/resources/specFiles/imtHomePage.spec:95)
  - &quot;2018_MARSH_LLC_ALL_RIGHTS_RESERVED&quot; is absent on page (C:\Users\Manish\Desktop\M3bi\UI/src/test/java/resources/specFiles/imtHomePage.spec:96)
  - &quot;2018_MARSH_LLC_ALL_RIGHTS_RESERVED&quot; is absent on page (C:\Users\Manish\Desktop\M3bi\UI/src/test/java/resources/specFiles/imtHomePage.spec:97)
  - &quot;Privacy_Information&quot; is absent on page (C:\Users\Manish\Desktop\M3bi\UI/src/test/java/resources/specFiles/imtHomePage.spec:100)
  - &quot;Privacy_Information&quot; is absent on page (C:\Users\Manish\Desktop\M3bi\UI/src/test/java/resources/specFiles/imtHomePage.spec:101)
  - &quot;Privacy_Information&quot; is absent on page (C:\Users\Manish\Desktop\M3bi\UI/src/test/java/resources/specFiles/imtHomePage.spec:102)
  - &quot;Privacy_Information&quot; is absent on page (C:\Users\Manish\Desktop\M3bi\UI/src/test/java/resources/specFiles/imtHomePage.spec:103)
  - &quot;Privacy_Information&quot; is absent on page (C:\Users\Manish\Desktop\M3bi\UI/src/test/java/resources/specFiles/imtHomePage.spec:104)
  - &quot;Privacy_Information&quot; is absent on page (C:\Users\Manish\Desktop\M3bi\UI/src/test/java/resources/specFiles/imtHomePage.spec:105)
  - &quot;Conditions&quot; is absent on page (C:\Users\Manish\Desktop\M3bi\UI/src/test/java/resources/specFiles/imtHomePage.spec:108)
  - &quot;Conditions&quot; is absent on page (C:\Users\Manish\Desktop\M3bi\UI/src/test/java/resources/specFiles/imtHomePage.spec:109)
  - &quot;Conditions&quot; is absent on page (C:\Users\Manish\Desktop\M3bi\UI/src/test/java/resources/specFiles/imtHomePage.spec:110)
  - &quot;Conditions&quot; is absent on page (C:\Users\Manish\Desktop\M3bi\UI/src/test/java/resources/specFiles/imtHomePage.spec:111)
  - &quot;Conditions&quot; is absent on page (C:\Users\Manish\Desktop\M3bi\UI/src/test/java/resources/specFiles/imtHomePage.spec:112)
  - &quot;Conditions&quot; is absent on page (C:\Users\Manish\Desktop\M3bi\UI/src/test/java/resources/specFiles/imtHomePage.spec:113)
  - &quot;About_Marsh&quot; is absent on page (C:\Users\Manish\Desktop\M3bi\UI/src/test/java/resources/specFiles/imtHomePage.spec:116)
  - &quot;About_Marsh&quot; is absent on page (C:\Users\Manish\Desktop\M3bi\UI/src/test/java/resources/specFiles/imtHomePage.spec:117)
  - &quot;About_Marsh&quot; is absent on page (C:\Users\Manish\Desktop\M3bi\UI/src/test/java/resources/specFiles/imtHomePage.spec:118)
  - &quot;About_Marsh&quot; is absent on page (C:\Users\Manish\Desktop\M3bi\UI/src/test/java/resources/specFiles/imtHomePage.spec:119)
  - &quot;About_Marsh&quot; is absent on page (C:\Users\Manish\Desktop\M3bi\UI/src/test/java/resources/specFiles/imtHomePage.spec:120)
  - &quot;About_Marsh&quot; is absent on page (C:\Users\Manish\Desktop\M3bi\UI/src/test/java/resources/specFiles/imtHomePage.spec:121)
  - &quot;Contact&quot; height is 15px instead of 14px (C:\Users\Manish\Desktop\M3bi\UI/src/test/java/resources/specFiles/imtHomePage.spec:124)
  - &quot;Contact&quot; width is 48px instead of 43px (C:\Users\Manish\Desktop\M3bi\UI/src/test/java/resources/specFiles/imtHomePage.spec:125)
  - &quot;Contact&quot; css property &quot;color&quot; is &quot;rgba(34, 34, 34, 1)&quot; but should be &quot;#0090FF&quot; (C:\Users\Manish\Desktop\M3bi\UI/src/test/java/resources/specFiles/imtHomePage.spec:126)
  - &quot;Contact&quot; css property &quot;font-family&quot; is &quot;&quot;Gotham A&quot;, &quot;Gotham B&quot;&quot; but should contain &quot;Helvetica Neue&quot; (C:\Users\Manish\Desktop\M3bi\UI/src/test/java/resources/specFiles/imtHomePage.spec:127)
  - &quot;Contact&quot; css property &quot;line-height&quot; is &quot;17.1429px&quot; but should be &quot;14px&quot; (C:\Users\Manish\Desktop\M3bi\UI/src/test/java/resources/specFiles/imtHomePage.spec:129)
  - &quot;Netherlands&quot; is absent on page (C:\Users\Manish\Desktop\M3bi\UI/src/test/java/resources/specFiles/imtHomePage.spec:136)
  - &quot;Netherlands&quot; is absent on page (C:\Users\Manish\Desktop\M3bi\UI/src/test/java/resources/specFiles/imtHomePage.spec:137)
  - &quot;Netherlands&quot; is absent on page (C:\Users\Manish\Desktop\M3bi\UI/src/test/java/resources/specFiles/imtHomePage.spec:138)
  - &quot;Netherlands&quot; is absent on page (C:\Users\Manish\Desktop\M3bi\UI/src/test/java/resources/specFiles/imtHomePage.spec:139)
  - &quot;Netherlands&quot; is absent on page (C:\Users\Manish\Desktop\M3bi\UI/src/test/java/resources/specFiles/imtHomePage.spec:140)
  - &quot;Netherlands&quot; is absent on page (C:\Users\Manish\Desktop\M3bi\UI/src/test/java/resources/specFiles/imtHomePage.spec:141)
  - &quot;If_not_Text&quot; is absent on page (C:\Users\Manish\Desktop\M3bi\UI/src/test/java/resources/specFiles/imtHomePage.spec:144)
  - &quot;Skip_Link&quot; is absent on page (C:\Users\Manish\Desktop\M3bi\UI/src/test/java/resources/specFiles/imtHomePage.spec:147)
">
      <![CDATA[java.lang.RuntimeException: com.galenframework.support.LayoutValidationException: C:\Users\Manish\Desktop\M3bi\UI/src/test/java/resources/specFiles/imtHomePage.spec, tags: [desktop]
  - "INSURE" is absent on page (C:\Users\Manish\Desktop\M3bi\UI/src/test/java/resources/specFiles/imtHomePage.spec:35)
  - "CONDITIONS" is absent on page (C:\Users\Manish\Desktop\M3bi\UI/src/test/java/resources/specFiles/imtHomePage.spec:38)
  - "FAQS" is absent on page (C:\Users\Manish\Desktop\M3bi\UI/src/test/java/resources/specFiles/imtHomePage.spec:41)
  - "SIGNIN" is absent on page (C:\Users\Manish\Desktop\M3bi\UI/src/test/java/resources/specFiles/imtHomePage.spec:44)
  - "Car_Image" height is 232px instead of 272px (C:\Users\Manish\Desktop\M3bi\UI/src/test/java/resources/specFiles/imtHomePage.spec:48)
  - "Car_Image" width is 556px instead of 1011px (C:\Users\Manish\Desktop\M3bi\UI/src/test/java/resources/specFiles/imtHomePage.spec:49)
  - Cannot find locator for "WelcomeText_EntireBox" in page spec (C:\Users\Manish\Desktop\M3bi\UI/src/test/java/resources/specFiles/imtHomePage.spec:50)
  - "OutsideWelcomeText_EntireBox" is absent on page (C:\Users\Manish\Desktop\M3bi\UI/src/test/java/resources/specFiles/imtHomePage.spec:53)
  - "OutsideWelcomeText_EntireBox" is absent on page (C:\Users\Manish\Desktop\M3bi\UI/src/test/java/resources/specFiles/imtHomePage.spec:54)
  - "OutsideWelcomeText_EntireBox" is absent on page (C:\Users\Manish\Desktop\M3bi\UI/src/test/java/resources/specFiles/imtHomePage.spec:55)
  - "OutsideWelcomeText_EntireBox" is absent on page (C:\Users\Manish\Desktop\M3bi\UI/src/test/java/resources/specFiles/imtHomePage.spec:56)
  - "OutsideWelcomeText_EntireBox" is absent on page (C:\Users\Manish\Desktop\M3bi\UI/src/test/java/resources/specFiles/imtHomePage.spec:57)
  - "OutsideWelcomeText_EntireBox" is absent on page (C:\Users\Manish\Desktop\M3bi\UI/src/test/java/resources/specFiles/imtHomePage.spec:58)
  - "OutsideWelcomeText_EntireBox" is absent on page (C:\Users\Manish\Desktop\M3bi\UI/src/test/java/resources/specFiles/imtHomePage.spec:59)
  - "OutsideWelcomeText_EntireBox" is absent on page (C:\Users\Manish\Desktop\M3bi\UI/src/test/java/resources/specFiles/imtHomePage.spec:60)
  - "OutsideWelcomeText_EntireBox" is absent on page (C:\Users\Manish\Desktop\M3bi\UI/src/test/java/resources/specFiles/imtHomePage.spec:61)
  - "Plate_Number" height is 68.0px instead of 67.5px (C:\Users\Manish\Desktop\M3bi\UI/src/test/java/resources/specFiles/imtHomePage.spec:65)
  - "Plate_Number" width is 225.0px instead of 448.5px (C:\Users\Manish\Desktop\M3bi\UI/src/test/java/resources/specFiles/imtHomePage.spec:66)
  - "Plate_Number" css property "background-color" is "rgba(255, 255, 255, 1)" but should be "#FFFFFF" (C:\Users\Manish\Desktop\M3bi\UI/src/test/java/resources/specFiles/imtHomePage.spec:67)
  - Cannot find locator for "flag" in page spec (C:\Users\Manish\Desktop\M3bi\UI/src/test/java/resources/specFiles/imtHomePage.spec:68)
  - "Flag" height is 68px instead of 67px (C:\Users\Manish\Desktop\M3bi\UI/src/test/java/resources/specFiles/imtHomePage.spec:71)
  - "Flag" width is 49px instead of 48px (C:\Users\Manish\Desktop\M3bi\UI/src/test/java/resources/specFiles/imtHomePage.spec:72)
  - "Continue_button" height is 16px instead of 50px (C:\Users\Manish\Desktop\M3bi\UI/src/test/java/resources/specFiles/imtHomePage.spec:75)
  - "Continue_button" width is 63px instead of 217px (C:\Users\Manish\Desktop\M3bi\UI/src/test/java/resources/specFiles/imtHomePage.spec:76)
  - "Continue_button" css property "background-color" is "rgba(0, 0, 0, 0)" but should be "#CC0000" (C:\Users\Manish\Desktop\M3bi\UI/src/test/java/resources/specFiles/imtHomePage.spec:77)
  - "Continue_button_Text" is not aligned vertically centered with "Continue_button". Offset is 1px (C:\Users\Manish\Desktop\M3bi\UI/src/test/java/resources/specFiles/imtHomePage.spec:78)
  - "Continue_button_Text" height is 40px instead of 12px (C:\Users\Manish\Desktop\M3bi\UI/src/test/java/resources/specFiles/imtHomePage.spec:81)
  - "Continue_button_Text" width is 200.00px instead of 121.52px (C:\Users\Manish\Desktop\M3bi\UI/src/test/java/resources/specFiles/imtHomePage.spec:82)
  - "Continue_button_Text" css property "color" is "rgba(255, 255, 255, 1)" but should be "#FFFFFF" (C:\Users\Manish\Desktop\M3bi\UI/src/test/java/resources/specFiles/imtHomePage.spec:83)
  - "Continue_button_Text" css property "font-family" is ""Gotham A", "Gotham B"" but should contain "Gotham Medium" (C:\Users\Manish\Desktop\M3bi\UI/src/test/java/resources/specFiles/imtHomePage.spec:84)
  - "Continue_button_Text" css property "line-height" is "20px" but should be "13px" (C:\Users\Manish\Desktop\M3bi\UI/src/test/java/resources/specFiles/imtHomePage.spec:86)
  - "Continue_button_Text" css property "text-align" is "center" but should be "centered" (C:\Users\Manish\Desktop\M3bi\UI/src/test/java/resources/specFiles/imtHomePage.spec:87)
  - "Plate_Number" is not aligned vertically centered with "Continue_button_Text". Offset is 62px (C:\Users\Manish\Desktop\M3bi\UI/src/test/java/resources/specFiles/imtHomePage.spec:88)
  - "2018_MARSH_LLC_ALL_RIGHTS_RESERVED" is absent on page (C:\Users\Manish\Desktop\M3bi\UI/src/test/java/resources/specFiles/imtHomePage.spec:92)
  - "2018_MARSH_LLC_ALL_RIGHTS_RESERVED" is absent on page (C:\Users\Manish\Desktop\M3bi\UI/src/test/java/resources/specFiles/imtHomePage.spec:93)
  - "2018_MARSH_LLC_ALL_RIGHTS_RESERVED" is absent on page (C:\Users\Manish\Desktop\M3bi\UI/src/test/java/resources/specFiles/imtHomePage.spec:94)
  - "2018_MARSH_LLC_ALL_RIGHTS_RESERVED" is absent on page (C:\Users\Manish\Desktop\M3bi\UI/src/test/java/resources/specFiles/imtHomePage.spec:95)
  - "2018_MARSH_LLC_ALL_RIGHTS_RESERVED" is absent on page (C:\Users\Manish\Desktop\M3bi\UI/src/test/java/resources/specFiles/imtHomePage.spec:96)
  - "2018_MARSH_LLC_ALL_RIGHTS_RESERVED" is absent on page (C:\Users\Manish\Desktop\M3bi\UI/src/test/java/resources/specFiles/imtHomePage.spec:97)
  - "Privacy_Information" is absent on page (C:\Users\Manish\Desktop\M3bi\UI/src/test/java/resources/specFiles/imtHomePage.spec:100)
  - "Privacy_Information" is absent on page (C:\Users\Manish\Desktop\M3bi\UI/src/test/java/resources/specFiles/imtHomePage.spec:101)
  - "Privacy_Information" is absent on page (C:\Users\Manish\Desktop\M3bi\UI/src/test/java/resources/specFiles/imtHomePage.spec:102)
  - "Privacy_Information" is absent on page (C:\Users\Manish\Desktop\M3bi\UI/src/test/java/resources/specFiles/imtHomePage.spec:103)
  - "Privacy_Information" is absent on page (C:\Users\Manish\Desktop\M3bi\UI/src/test/java/resources/specFiles/imtHomePage.spec:104)
  - "Privacy_Information" is absent on page (C:\Users\Manish\Desktop\M3bi\UI/src/test/java/resources/specFiles/imtHomePage.spec:105)
  - "Conditions" is absent on page (C:\Users\Manish\Desktop\M3bi\UI/src/test/java/resources/specFiles/imtHomePage.spec:108)
  - "Conditions" is absent on page (C:\Users\Manish\Desktop\M3bi\UI/src/test/java/resources/specFiles/imtHomePage.spec:109)
  - "Conditions" is absent on page (C:\Users\Manish\Desktop\M3bi\UI/src/test/java/resources/specFiles/imtHomePage.spec:110)
  - "Conditions" is absent on page (C:\Users\Manish\Desktop\M3bi\UI/src/test/java/resources/specFiles/imtHomePage.spec:111)
  - "Conditions" is absent on page (C:\Users\Manish\Desktop\M3bi\UI/src/test/java/resources/specFiles/imtHomePage.spec:112)
  - "Conditions" is absent on page (C:\Users\Manish\Desktop\M3bi\UI/src/test/java/resources/specFiles/imtHomePage.spec:113)
  - "About_Marsh" is absent on page (C:\Users\Manish\Desktop\M3bi\UI/src/test/java/resources/specFiles/imtHomePage.spec:116)
  - "About_Marsh" is absent on page (C:\Users\Manish\Desktop\M3bi\UI/src/test/java/resources/specFiles/imtHomePage.spec:117)
  - "About_Marsh" is absent on page (C:\Users\Manish\Desktop\M3bi\UI/src/test/java/resources/specFiles/imtHomePage.spec:118)
  - "About_Marsh" is absent on page (C:\Users\Manish\Desktop\M3bi\UI/src/test/java/resources/specFiles/imtHomePage.spec:119)
  - "About_Marsh" is absent on page (C:\Users\Manish\Desktop\M3bi\UI/src/test/java/resources/specFiles/imtHomePage.spec:120)
  - "About_Marsh" is absent on page (C:\Users\Manish\Desktop\M3bi\UI/src/test/java/resources/specFiles/imtHomePage.spec:121)
  - "Contact" height is 15px instead of 14px (C:\Users\Manish\Desktop\M3bi\UI/src/test/java/resources/specFiles/imtHomePage.spec:124)
  - "Contact" width is 48px instead of 43px (C:\Users\Manish\Desktop\M3bi\UI/src/test/java/resources/specFiles/imtHomePage.spec:125)
  - "Contact" css property "color" is "rgba(34, 34, 34, 1)" but should be "#0090FF" (C:\Users\Manish\Desktop\M3bi\UI/src/test/java/resources/specFiles/imtHomePage.spec:126)
  - "Contact" css property "font-family" is ""Gotham A", "Gotham B"" but should contain "Helvetica Neue" (C:\Users\Manish\Desktop\M3bi\UI/src/test/java/resources/specFiles/imtHomePage.spec:127)
  - "Contact" css property "line-height" is "17.1429px" but should be "14px" (C:\Users\Manish\Desktop\M3bi\UI/src/test/java/resources/specFiles/imtHomePage.spec:129)
  - "Netherlands" is absent on page (C:\Users\Manish\Desktop\M3bi\UI/src/test/java/resources/specFiles/imtHomePage.spec:136)
  - "Netherlands" is absent on page (C:\Users\Manish\Desktop\M3bi\UI/src/test/java/resources/specFiles/imtHomePage.spec:137)
  - "Netherlands" is absent on page (C:\Users\Manish\Desktop\M3bi\UI/src/test/java/resources/specFiles/imtHomePage.spec:138)
  - "Netherlands" is absent on page (C:\Users\Manish\Desktop\M3bi\UI/src/test/java/resources/specFiles/imtHomePage.spec:139)
  - "Netherlands" is absent on page (C:\Users\Manish\Desktop\M3bi\UI/src/test/java/resources/specFiles/imtHomePage.spec:140)
  - "Netherlands" is absent on page (C:\Users\Manish\Desktop\M3bi\UI/src/test/java/resources/specFiles/imtHomePage.spec:141)
  - "If_not_Text" is absent on page (C:\Users\Manish\Desktop\M3bi\UI/src/test/java/resources/specFiles/imtHomePage.spec:144)
  - "Skip_Link" is absent on page (C:\Users\Manish\Desktop\M3bi\UI/src/test/java/resources/specFiles/imtHomePage.spec:147)

at component.TestBase.checkPageLayout(TestBase.java:144)
at tests.ImtHomePageTest.testImtHomePage(ImtHomePageTest.java:18)
at sun.reflect.NativeMethodAccessorImpl.invoke0(Native Method)
at sun.reflect.NativeMethodAccessorImpl.invoke(Unknown Source)
at sun.reflect.DelegatingMethodAccessorImpl.invoke(Unknown Source)
at java.lang.reflect.Method.invoke(Unknown Source)
at org.testng.internal.MethodInvocationHelper.invokeMethod(MethodInvocationHelper.java:124)
at org.testng.internal.Invoker.invokeMethod(Invoker.java:580)
at org.testng.internal.Invoker.invokeTestMethod(Invoker.java:716)
at org.testng.internal.Invoker.invokeTestMethods(Invoker.java:988)
at org.testng.internal.TestMethodWorker.invokeTestMethods(TestMethodWorker.java:125)
at org.testng.internal.TestMethodWorker.run(TestMethodWorker.java:109)
at org.testng.TestRunner.privateRun(TestRunner.java:648)
at org.testng.TestRunner.run(TestRunner.java:505)
at org.testng.SuiteRunner.runTest(SuiteRunner.java:455)
at org.testng.SuiteRunner.runSequentially(SuiteRunner.java:450)
at org.testng.SuiteRunner.privateRun(SuiteRunner.java:415)
at org.testng.SuiteRunner.run(SuiteRunner.java:364)
at org.testng.SuiteRunnerWorker.runSuite(SuiteRunnerWorker.java:52)
at org.testng.SuiteRunnerWorker.run(SuiteRunnerWorker.java:84)
at org.testng.TestNG.runSuitesSequentially(TestNG.java:1208)
at org.testng.TestNG.runSuitesLocally(TestNG.java:1137)
at org.testng.TestNG.runSuites(TestNG.java:1049)
at org.testng.TestNG.run(TestNG.java:1017)
at org.testng.remote.AbstractRemoteTestNG.run(AbstractRemoteTestNG.java:114)
at org.testng.remote.RemoteTestNG.initAndRun(RemoteTestNG.java:251)
at org.testng.remote.RemoteTestNG.main(RemoteTestNG.java:77)
Caused by: com.galenframework.support.LayoutValidationException: C:\Users\Manish\Desktop\M3bi\UI/src/test/java/resources/specFiles/imtHomePage.spec, tags: [desktop]
  - "INSURE" is absent on page (C:\Users\Manish\Desktop\M3bi\UI/src/test/java/resources/specFiles/imtHomePage.spec:35)
  - "CONDITIONS" is absent on page (C:\Users\Manish\Desktop\M3bi\UI/src/test/java/resources/specFiles/imtHomePage.spec:38)
  - "FAQS" is absent on page (C:\Users\Manish\Desktop\M3bi\UI/src/test/java/resources/specFiles/imtHomePage.spec:41)
  - "SIGNIN" is absent on page (C:\Users\Manish\Desktop\M3bi\UI/src/test/java/resources/specFiles/imtHomePage.spec:44)
  - "Car_Image" height is 232px instead of 272px (C:\Users\Manish\Desktop\M3bi\UI/src/test/java/resources/specFiles/imtHomePage.spec:48)
  - "Car_Image" width is 556px instead of 1011px (C:\Users\Manish\Desktop\M3bi\UI/src/test/java/resources/specFiles/imtHomePage.spec:49)
  - Cannot find locator for "WelcomeText_EntireBox" in page spec (C:\Users\Manish\Desktop\M3bi\UI/src/test/java/resources/specFiles/imtHomePage.spec:50)
  - "OutsideWelcomeText_EntireBox" is absent on page (C:\Users\Manish\Desktop\M3bi\UI/src/test/java/resources/specFiles/imtHomePage.spec:53)
  - "OutsideWelcomeText_EntireBox" is absent on page (C:\Users\Manish\Desktop\M3bi\UI/src/test/java/resources/specFiles/imtHomePage.spec:54)
  - "OutsideWelcomeText_EntireBox" is absent on page (C:\Users\Manish\Desktop\M3bi\UI/src/test/java/resources/specFiles/imtHomePage.spec:55)
  - "OutsideWelcomeText_EntireBox" is absent on page (C:\Users\Manish\Desktop\M3bi\UI/src/test/java/resources/specFiles/imtHomePage.spec:56)
  - "OutsideWelcomeText_EntireBox" is absent on page (C:\Users\Manish\Desktop\M3bi\UI/src/test/java/resources/specFiles/imtHomePage.spec:57)
  - "OutsideWelcomeText_EntireBox" is absent on page (C:\Users\Manish\Desktop\M3bi\UI/src/test/java/resources/specFiles/imtHomePage.spec:58)
  - "OutsideWelcomeText_EntireBox" is absent on page (C:\Users\Manish\Desktop\M3bi\UI/src/test/java/resources/specFiles/imtHomePage.spec:59)
  - "OutsideWelcomeText_EntireBox" is absent on page (C:\Users\Manish\Desktop\M3bi\UI/src/test/java/resources/specFiles/imtHomePage.spec:60)
  - "OutsideWelcomeText_EntireBox" is absent on page (C:\Users\Manish\Desktop\M3bi\UI/src/test/java/resources/specFiles/imtHomePage.spec:61)
  - "Plate_Number" height is 68.0px instead of 67.5px (C:\Users\Manish\Desktop\M3bi\UI/src/test/java/resources/specFiles/imtHomePage.spec:65)
  - "Plate_Number" width is 225.0px instead of 448.5px (C:\Users\Manish\Desktop\M3bi\UI/src/test/java/resources/specFiles/imtHomePage.spec:66)
  - "Plate_Number" css property "background-color" is "rgba(255, 255, 255, 1)" but should be "#FFFFFF" (C:\Users\Manish\Desktop\M3bi\UI/src/test/java/resources/specFiles/imtHomePage.spec:67)
  - Cannot find locator for "flag" in page spec (C:\Users\Manish\Desktop\M3bi\UI/src/test/java/resources/specFiles/imtHomePage.spec:68)
  - "Flag" height is 68px instead of 67px (C:\Users\Manish\Desktop\M3bi\UI/src/test/java/resources/specFiles/imtHomePage.spec:71)
  - "Flag" width is 49px instead of 48px (C:\Users\Manish\Desktop\M3bi\UI/src/test/java/resources/specFiles/imtHomePage.spec:72)
  - "Continue_button" height is 16px instead of 50px (C:\Users\Manish\Desktop\M3bi\UI/src/test/java/resources/specFiles/imtHomePage.spec:75)
  - "Continue_button" width is 63px instead of 217px (C:\Users\Manish\Desktop\M3bi\UI/src/test/java/resources/specFiles/imtHomePage.spec:76)
  - "Continue_button" css property "background-color" is "rgba(0, 0, 0, 0)" but should be "#CC0000" (C:\Users\Manish\Desktop\M3bi\UI/src/test/java/resources/specFiles/imtHomePage.spec:77)
  - "Continue_button_Text" is not aligned vertically centered with "Continue_button". Offset is 1px (C:\Users\Manish\Desktop\M3bi\UI/src/test/java/resources/specFiles/imtHomePage.spec:78)
  - "Continue_button_Text" height is 40px instead of 12px (C:\Users\Manish\Desktop\M3bi\UI/src/test/java/resources/specFiles/imtHomePage.spec:81)
  - "Continue_button_Text" width is 200.00px instead of 121.52px (C:\Users\Manish\Desktop\M3bi\UI/src/test/java/resources/specFiles/imtHomePage.spec:82)
  - "Continue_button_Text" css property "color" is "rgba(255, 255, 255, 1)" but should be "#FFFFFF" (C:\Users\Manish\Desktop\M3bi\UI/src/test/java/resources/specFiles/imtHomePage.spec:83)
  - "Continue_button_Text" css property "font-family" is ""Gotham A", "Gotham B"" but should contain "Gotham Medium" (C:\Users\Manish\Desktop\M3bi\UI/src/test/java/resources/specFiles/imtHomePage.spec:84)
  - "Continue_button_Text" css property "line-height" is "20px" but should be "13px" (C:\Users\Manish\Desktop\M3bi\UI/src/test/java/resources/specFiles/imtHomePage.spec:86)
  - "Continue_button_Text" css property "text-align" is "center" but should be "centered" (C:\Users\Manish\Desktop\M3bi\UI/src/test/java/resources/specFiles/imtHomePage.spec:87)
  - "Plate_Number" is not aligned vertically centered with "Continue_button_Text". Offset is 62px (C:\Users\Manish\Desktop\M3bi\UI/src/test/java/resources/specFiles/imtHomePage.spec:88)
  - "2018_MARSH_LLC_ALL_RIGHTS_RESERVED" is absent on page (C:\Users\Manish\Desktop\M3bi\UI/src/test/java/resources/specFiles/imtHomePage.spec:92)
  - "2018_MARSH_LLC_ALL_RIGHTS_RESERVED" is absent on page (C:\Users\Manish\Desktop\M3bi\UI/src/test/java/resources/specFiles/imtHomePage.spec:93)
  - "2018_MARSH_LLC_ALL_RIGHTS_RESERVED" is absent on page (C:\Users\Manish\Desktop\M3bi\UI/src/test/java/resources/specFiles/imtHomePage.spec:94)
  - "2018_MARSH_LLC_ALL_RIGHTS_RESERVED" is absent on page (C:\Users\Manish\Desktop\M3bi\UI/src/test/java/resources/specFiles/imtHomePage.spec:95)
  - "2018_MARSH_LLC_ALL_RIGHTS_RESERVED" is absent on page (C:\Users\Manish\Desktop\M3bi\UI/src/test/java/resources/specFiles/imtHomePage.spec:96)
  - "2018_MARSH_LLC_ALL_RIGHTS_RESERVED" is absent on page (C:\Users\Manish\Desktop\M3bi\UI/src/test/java/resources/specFiles/imtHomePage.spec:97)
  - "Privacy_Information" is absent on page (C:\Users\Manish\Desktop\M3bi\UI/src/test/java/resources/specFiles/imtHomePage.spec:100)
  - "Privacy_Information" is absent on page (C:\Users\Manish\Desktop\M3bi\UI/src/test/java/resources/specFiles/imtHomePage.spec:101)
  - "Privacy_Information" is absent on page (C:\Users\Manish\Desktop\M3bi\UI/src/test/java/resources/specFiles/imtHomePage.spec:102)
  - "Privacy_Information" is absent on page (C:\Users\Manish\Desktop\M3bi\UI/src/test/java/resources/specFiles/imtHomePage.spec:103)
  - "Privacy_Information" is absent on page (C:\Users\Manish\Desktop\M3bi\UI/src/test/java/resources/specFiles/imtHomePage.spec:104)
  - "Privacy_Information" is absent on page (C:\Users\Manish\Desktop\M3bi\UI/src/test/java/resources/specFiles/imtHomePage.spec:105)
  - "Conditions" is absent on page (C:\Users\Manish\Desktop\M3bi\UI/src/test/java/resources/specFiles/imtHomePage.spec:108)
  - "Conditions" is absent on page (C:\Users\Manish\Desktop\M3bi\UI/src/test/java/resources/specFiles/imtHomePage.spec:109)
  - "Conditions" is absent on page (C:\Users\Manish\Desktop\M3bi\UI/src/test/java/resources/specFiles/imtHomePage.spec:110)
  - "Conditions" is absent on page (C:\Users\Manish\Desktop\M3bi\UI/src/test/java/resources/specFiles/imtHomePage.spec:111)
  - "Conditions" is absent on page (C:\Users\Manish\Desktop\M3bi\UI/src/test/java/resources/specFiles/imtHomePage.spec:112)
  - "Conditions" is absent on page (C:\Users\Manish\Desktop\M3bi\UI/src/test/java/resources/specFiles/imtHomePage.spec:113)
  - "About_Marsh" is absent on page (C:\Users\Manish\Desktop\M3bi\UI/src/test/java/resources/specFiles/imtHomePage.spec:116)
  - "About_Marsh" is absent on page (C:\Users\Manish\Desktop\M3bi\UI/src/test/java/resources/specFiles/imtHomePage.spec:117)
  - "About_Marsh" is absent on page (C:\Users\Manish\Desktop\M3bi\UI/src/test/java/resources/specFiles/imtHomePage.spec:118)
  - "About_Marsh" is absent on page (C:\Users\Manish\Desktop\M3bi\UI/src/test/java/resources/specFiles/imtHomePage.spec:119)
  - "About_Marsh" is absent on page (C:\Users\Manish\Desktop\M3bi\UI/src/test/java/resources/specFiles/imtHomePage.spec:120)
  - "About_Marsh" is absent on page (C:\Users\Manish\Desktop\M3bi\UI/src/test/java/resources/specFiles/imtHomePage.spec:121)
  - "Contact" height is 15px instead of 14px (C:\Users\Manish\Desktop\M3bi\UI/src/test/java/resources/specFiles/imtHomePage.spec:124)
  - "Contact" width is 48px instead of 43px (C:\Users\Manish\Desktop\M3bi\UI/src/test/java/resources/specFiles/imtHomePage.spec:125)
  - "Contact" css property "color" is "rgba(34, 34, 34, 1)" but should be "#0090FF" (C:\Users\Manish\Desktop\M3bi\UI/src/test/java/resources/specFiles/imtHomePage.spec:126)
  - "Contact" css property "font-family" is ""Gotham A", "Gotham B"" but should contain "Helvetica Neue" (C:\Users\Manish\Desktop\M3bi\UI/src/test/java/resources/specFiles/imtHomePage.spec:127)
  - "Contact" css property "line-height" is "17.1429px" but should be "14px" (C:\Users\Manish\Desktop\M3bi\UI/src/test/java/resources/specFiles/imtHomePage.spec:129)
  - "Netherlands" is absent on page (C:\Users\Manish\Desktop\M3bi\UI/src/test/java/resources/specFiles/imtHomePage.spec:136)
  - "Netherlands" is absent on page (C:\Users\Manish\Desktop\M3bi\UI/src/test/java/resources/specFiles/imtHomePage.spec:137)
  - "Netherlands" is absent on page (C:\Users\Manish\Desktop\M3bi\UI/src/test/java/resources/specFiles/imtHomePage.spec:138)
  - "Netherlands" is absent on page (C:\Users\Manish\Desktop\M3bi\UI/src/test/java/resources/specFiles/imtHomePage.spec:139)
  - "Netherlands" is absent on page (C:\Users\Manish\Desktop\M3bi\UI/src/test/java/resources/specFiles/imtHomePage.spec:140)
  - "Netherlands" is absent on page (C:\Users\Manish\Desktop\M3bi\UI/src/test/java/resources/specFiles/imtHomePage.spec:141)
  - "If_not_Text" is absent on page (C:\Users\Manish\Desktop\M3bi\UI/src/test/java/resources/specFiles/imtHomePage.spec:144)
  - "Skip_Link" is absent on page (C:\Users\Manish\Desktop\M3bi\UI/src/test/java/resources/specFiles/imtHomePage.spec:147)

at com.galenframework.support.GalenJavaTestBase.checkLayout(GalenJavaTestBase.java:129)
at com.galenframework.support.GalenJavaTestBase.checkLayout(GalenJavaTestBase.java:111)
at component.TestBase.checkPageLayout(TestBase.java:140)
... 26 more
]]>
    </error>
  </testcase> <!-- testImtHomePage -->
</testsuite> <!-- tests.ImtHomePageTest -->
